*** Using Compiler 'V5.06 update 7 (build 960)', folder: 'C:\Keil_v5\ARM\ARMCC\Bin'
Build target 'HAL_Template'
compiling lpf.c...
compiling bmi088.c...
compiling Detect_Task.c...
compiling ramp.c...
compiling pid.c...
compiling Vision_Task.c...
compiling INS_Task.c...
compiling api_trajectory.c...
compiling remote_control.c...
compiling api_quaternion.c...
compiling kalman.c...
compiling bsp_uart.c...
..\Bsp\Src\bsp_uart.c(217): error: At end of source:  #5: cannot open source input file ".\hal_template\bsp_uart.crf": Invalid argument
..\Bsp\Src\bsp_uart.c: 0 warnings, 1 error
compiling motor.c...
compiling ui.c...
..\Components\Device\Src\ui.c(98): warning:  #177-D: function "Char_Graphic"  was declared but never referenced
  static void Char_Graphic(ext_client_string_t* graphic,
..\Components\Device\Src\ui.c(149): warning:  #177-D: function "Figure_Graphic"  was declared but never referenced
  static void Figure_Graphic(graphic_data_struct_t* graphic,
..\Components\Device\Src\ui.c: 2 warnings, 0 errors
compiling bsp_mcu.c...
".\HAL_Template\HAL_Template.axf" - 1 Error(s), 2 Warning(s).
Target not created.
Build Time Elapsed:  00:00:06
